LINE ADDR CONTENTS SOURCE LINE
  1.              	.EQU KEYBOARD_STATUS,  $000
  2.              	.EQU KEYBOARD_DATA, $001
  3.              	
  4.  000 010000  	LDX# $000
  5.              
  6.  001 702000  POLL_KEYBD: INB KEYBOARD_STATUS
  7.  002 FFF038  	NOP
  8.  003 4B2001  	JGE POLL_KEYBD  
  9.  004 702001  	INB KEYBOARD_DATA
 10.              	
 11.  005 044D00  	STA+ $D00 ;Store key and increment
 12.  006 110001  	ADX# $001
 13.              
 14.  007 210007  PWND:	CMX# $007
 15.  008 4A2025  	JLT LOOP_POLL
 16.  009 004CF7  	LDA+ $CF7; g
 17.  00A 200067  	CMA# $067
 18.  00B 492025  	JNE LOOP_POLL
 19.  00C 004CF8  	LDA+ $CF8; e
 20.  00D 200065  	CMA# $065
 21.  00E 492025  	JNE LOOP_POLL
 22.  00F 004CF9  	LDA+ $CF9; t
 23.  010 200074  	CMA# $074
 24.  011 492025  	JNE LOOP_POLL
 25.  012 004CFA  	LDA+ $CFA; space
 26.  013 200020  	CMA# $020
 27.  014 492025  	JNE LOOP_POLL
 28.  015 004CFB  	LDA+ $CFB; p
 29.  016 200070  	CMA# $070
 30.  017 492025  	JNE LOOP_POLL
 31.  018 004CFC  	LDA+ $CFC; w
 32.  019 200077  	CMA# $077
 33.  01A 492025  	JNE LOOP_POLL
 34.  01B 004CFD  	LDA+ $CFD; n
 35.  01C 20006E  	CMA# $06E
 36.  01D 492025  	JNE LOOP_POLL
 37.  01E 004CFE  	LDA+ $CFE; e
 38.  01F 200065  	CMA# $065
 39.  020 492025  	JNE LOOP_POLL
 40.  021 004CFF  	LDA+ $CFF; d
 41.  022 200064  	CMA# $064
 42.  023 492025  	JNE LOOP_POLL
 43.  024 402026  	JMP END
 44.              
 45.              
 46.  025 402001  LOOP_POLL:	JMP POLL_KEYBD ; Loop to top
 47.              
 48.              
 49.              
 50.              
 51.  026 000000  END:	LDA# $000
 52.              
 53.  027 044D00  END_LOOP:	STA+ $D00
 54.  028 210000  	CMX# $000
 55.  029 150001  	SBX# $001
 56.  02A 4B2027  	JGE END_LOOP
 57.  02B FFFFFF  	HLT

                     SYMBOL TABLE CONTENTS

000026 = END             000027 = END_LOOP        000001 = KEYBOARD_DATA   
000000 = KEYBOARD_STATUS 000025 = LOOP_POLL       000001 = POLL_KEYBD      
000007 = PWND            